[2025-01-01] Daily progress
[2025-01-01] Add feature
[2025-01-01] Refactor
[2025-01-01] Update README
[2025-01-01] Minor fixes
[2025-01-01] Minor fixes
[2025-01-01] Performance tweak
[2025-01-01] Code improvement
[2025-01-02] Bug fix
[2025-01-02] Performance tweak
[2025-01-02] Code improvement
[2025-01-02] Bug fix
[2025-01-02] Daily progress
[2025-01-02] Code improvement
[2025-01-02] Refactor
[2025-01-03] Daily progress
[2025-01-04] Code improvement
[2025-01-04] Add feature
[2025-01-06] Bug fix
[2025-01-06] Minor fixes
[2025-01-06] Documentation
[2025-01-06] Daily progress
[2025-01-06] Add feature
[2025-01-06] Refactor
[2025-01-06] Code improvement
[2025-01-06] Minor fixes
[2025-01-06] Daily progress
[2025-01-06] Daily progress
[2025-01-06] Documentation
[2025-01-06] Code improvement
[2025-01-06] Cleanup
[2025-01-06] Daily progress
[2025-01-08] Refactor
[2025-01-08] Minor fixes
[2025-01-08] Bug fix
[2025-01-08] Add feature
[2025-01-08] Update README
[2025-01-08] Performance tweak
[2025-01-09] Update README
[2025-01-09] Cleanup
[2025-01-09] Code improvement
[2025-01-09] Minor fixes
[2025-01-09] Minor fixes
[2025-01-09] Documentation
[2025-01-09] Refactor
[2025-01-10] Cleanup
[2025-01-10] Add feature
[2025-01-10] Minor fixes
[2025-01-10] Daily progress
[2025-01-10] Minor fixes
[2025-01-10] Update README
[2025-01-10] Performance tweak
[2025-01-10] Refactor
[2025-01-10] Update README
[2025-01-13] Update README
[2025-01-13] Minor fixes
[2025-01-13] Refactor
[2025-01-13] Update README
[2025-01-13] Performance tweak
[2025-01-13] Bug fix
[2025-01-13] Add feature
[2025-01-13] Update README
[2025-01-13] Cleanup
[2025-01-13] Performance tweak
[2025-01-14] Add feature
[2025-01-14] Minor fixes
[2025-01-14] Documentation
[2025-01-14] Performance tweak
[2025-01-14] Documentation
[2025-01-14] Documentation
[2025-01-14] Bug fix
[2025-01-14] Cleanup
[2025-01-15] Documentation
[2025-01-15] Refactor
[2025-01-15] Cleanup
[2025-01-15] Performance tweak
[2025-01-15] Performance tweak
[2025-01-15] Performance tweak
[2025-01-15] Add feature
[2025-01-15] Bug fix
[2025-01-15] Daily progress
[2025-01-15] Daily progress
[2025-01-16] Update README
[2025-01-16] Performance tweak
[2025-01-16] Code improvement
[2025-01-16] Update README
[2025-01-17] Update README
[2025-01-17] Cleanup
[2025-01-17] Add feature
[2025-01-17] Documentation
[2025-01-17] Add feature
[2025-01-17] Update README
[2025-01-21] Cleanup
[2025-01-21] Refactor
[2025-01-21] Bug fix
[2025-01-21] Daily progress
[2025-01-21] Performance tweak
[2025-01-21] Minor fixes
[2025-01-21] Code improvement
[2025-01-22] Documentation
[2025-01-27] Daily progress
[2025-01-27] Update README
[2025-01-27] Minor fixes
[2025-01-27] Refactor
[2025-01-27] Update README
[2025-01-27] Performance tweak
[2025-01-27] Refactor
[2025-01-27] Add feature
[2025-01-27] Bug fix
[2025-01-28] Minor fixes
[2025-01-28] Code improvement
[2025-01-28] Daily progress
[2025-01-28] Documentation
[2025-01-28] Bug fix
[2025-01-28] Add feature
[2025-01-28] Documentation
[2025-01-28] Performance tweak
[2025-01-28] Cleanup
[2025-01-28] Performance tweak
[2025-01-28] Add feature
[2025-01-28] Update README
[2025-01-29] Add feature
[2025-01-29] Minor fixes
[2025-01-29] Update README
[2025-01-29] Documentation
[2025-01-29] Update README
[2025-01-29] Bug fix
[2025-01-29] Update README
[2025-01-29] Documentation
[2025-01-29] Minor fixes
[2025-01-29] Update README
[2025-01-29] Daily progress
[2025-01-29] Performance tweak
[2025-01-29] Performance tweak
[2025-01-31] Daily progress
[2025-01-31] Performance tweak
[2025-02-03] Minor fixes
[2025-02-04] Refactor
[2025-02-04] Update README
[2025-02-04] Cleanup
[2025-02-05] Minor fixes
[2025-02-06] Documentation
[2025-02-06] Update README
[2025-02-06] Bug fix
[2025-02-06] Minor fixes
[2025-02-06] Performance tweak
[2025-02-06] Documentation
[2025-02-06] Update README
[2025-02-06] Bug fix
[2025-02-08] Minor fixes
[2025-02-08] Performance tweak
[2025-02-08] Refactor
[2025-02-08] Update README
[2025-02-08] Code improvement
[2025-02-08] Documentation
[2025-02-09] Refactor
[2025-02-09] Bug fix
[2025-02-09] Cleanup
[2025-02-10] Code improvement
[2025-02-10] Performance tweak
[2025-02-10] Bug fix
[2025-02-11] Performance tweak
[2025-02-11] Daily progress
[2025-02-11] Performance tweak
[2025-02-11] Daily progress
[2025-02-11] Update README
[2025-02-11] Update README
[2025-02-11] Code improvement
[2025-02-11] Update README
[2025-02-11] Update README
[2025-02-11] Cleanup
[2025-02-11] Daily progress
[2025-02-12] Cleanup
[2025-02-12] Bug fix
[2025-02-12] Minor fixes
[2025-02-12] Add feature
[2025-02-12] Update README
[2025-02-12] Update README
[2025-02-12] Daily progress
[2025-02-12] Add feature
[2025-02-12] Bug fix
[2025-02-12] Daily progress
[2025-02-12] Code improvement
[2025-02-12] Refactor
[2025-02-12] Performance tweak
[2025-02-12] Refactor
[2025-02-13] Code improvement
[2025-02-13] Update README
[2025-02-13] Daily progress
[2025-02-13] Bug fix
[2025-02-13] Update README
[2025-02-13] Performance tweak
[2025-02-14] Documentation
[2025-02-14] Update README
[2025-02-14] Update README
[2025-02-14] Minor fixes
[2025-02-14] Add feature
[2025-02-14] Bug fix
[2025-02-14] Bug fix
[2025-02-15] Cleanup
[2025-02-15] Documentation
[2025-02-15] Add feature
[2025-02-15] Performance tweak
[2025-02-17] Add feature
[2025-02-17] Minor fixes
[2025-02-17] Minor fixes
[2025-02-17] Add feature
[2025-02-17] Minor fixes
[2025-02-17] Minor fixes
[2025-02-17] Minor fixes
[2025-02-17] Documentation
[2025-02-18] Refactor
[2025-02-18] Performance tweak
[2025-02-19] Bug fix
[2025-02-19] Refactor
[2025-02-19] Documentation
[2025-02-19] Bug fix
[2025-02-19] Daily progress
[2025-02-19] Cleanup
[2025-02-19] Code improvement
[2025-02-19] Refactor
[2025-02-19] Daily progress
[2025-02-19] Daily progress
[2025-02-20] Documentation
[2025-02-20] Bug fix
[2025-02-20] Minor fixes
[2025-02-20] Refactor
[2025-02-20] Add feature
[2025-02-20] Cleanup
[2025-02-20] Update README
[2025-02-20] Update README
[2025-02-20] Refactor
[2025-02-20] Add feature
[2025-02-22] Bug fix
[2025-02-23] Cleanup
[2025-02-23] Code improvement
[2025-02-24] Daily progress
[2025-02-24] Documentation
[2025-02-24] Minor fixes
[2025-02-24] Documentation
[2025-02-24] Code improvement
[2025-02-24] Update README
[2025-02-24] Cleanup
[2025-02-24] Performance tweak
[2025-02-24] Cleanup
[2025-02-24] Bug fix
[2025-02-24] Add feature
[2025-02-24] Minor fixes
[2025-02-24] Cleanup
[2025-02-24] Documentation
[2025-02-24] Cleanup
[2025-02-24] Cleanup
[2025-02-24] Cleanup
[2025-02-24] Documentation
[2025-02-25] Documentation
[2025-02-25] Update README
[2025-02-25] Performance tweak
[2025-02-25] Bug fix
[2025-02-25] Minor fixes
[2025-02-25] Bug fix
[2025-02-25] Refactor
[2025-02-25] Refactor
[2025-02-25] Refactor
[2025-02-25] Bug fix
[2025-02-26] Minor fixes
[2025-02-26] Cleanup
[2025-02-27] Code improvement
[2025-02-27] Documentation
[2025-02-27] Update README
[2025-02-27] Minor fixes
[2025-02-27] Add feature
[2025-02-27] Documentation
[2025-02-27] Update README
[2025-02-27] Minor fixes
[2025-02-27] Daily progress
[2025-02-27] Code improvement
[2025-02-27] Refactor
[2025-02-27] Performance tweak
[2025-02-27] Bug fix
[2025-02-27] Update README
[2025-02-27] Bug fix
[2025-02-27] Refactor
[2025-02-28] Code improvement
[2025-02-28] Update README
[2025-02-28] Code improvement
[2025-02-28] Daily progress
[2025-02-28] Update README
[2025-02-28] Documentation
[2025-02-28] Code improvement
[2025-02-28] Bug fix
[2025-03-03] Cleanup
[2025-03-03] Performance tweak
[2025-03-03] Minor fixes
[2025-03-03] Update README
[2025-03-03] Performance tweak
[2025-03-03] Bug fix
[2025-03-03] Add feature
[2025-03-03] Refactor
[2025-03-03] Daily progress
[2025-03-03] Daily progress
[2025-03-03] Update README
[2025-03-03] Daily progress
[2025-03-03] Add feature
[2025-03-03] Performance tweak
[2025-03-03] Performance tweak
[2025-03-03] Cleanup
[2025-03-04] Update README
[2025-03-04] Performance tweak
[2025-03-04] Update README
[2025-03-04] Daily progress
[2025-03-04] Update README
[2025-03-04] Code improvement
[2025-03-06] Performance tweak
[2025-03-06] Refactor
[2025-03-06] Refactor
[2025-03-08] Refactor
[2025-03-08] Daily progress
[2025-03-08] Code improvement
[2025-03-08] Update README
[2025-03-10] Code improvement
[2025-03-10] Performance tweak
[2025-03-10] Code improvement
[2025-03-10] Refactor
[2025-03-10] Performance tweak
[2025-03-10] Add feature
[2025-03-10] Daily progress
[2025-03-10] Add feature
[2025-03-10] Performance tweak
[2025-03-11] Minor fixes
[2025-03-11] Add feature
[2025-03-12] Bug fix
[2025-03-12] Cleanup
[2025-03-12] Update README
[2025-03-12] Refactor
[2025-03-12] Bug fix
[2025-03-12] Refactor
[2025-03-12] Update README
[2025-03-12] Documentation
[2025-03-13] Refactor
[2025-03-13] Add feature
[2025-03-13] Refactor
[2025-03-13] Code improvement
[2025-03-13] Update README
[2025-03-13] Minor fixes
[2025-03-13] Update README
[2025-03-13] Add feature
[2025-03-13] Documentation
[2025-03-13] Cleanup
[2025-03-13] Minor fixes
[2025-03-13] Minor fixes
[2025-03-13] Cleanup
[2025-03-13] Bug fix
[2025-03-13] Add feature
[2025-03-13] Add feature
[2025-03-13] Performance tweak
[2025-03-13] Minor fixes
[2025-03-13] Minor fixes
[2025-03-14] Add feature
[2025-03-14] Bug fix
[2025-03-15] Documentation
[2025-03-15] Update README
[2025-03-16] Documentation
[2025-03-16] Cleanup
[2025-03-16] Add feature
[2025-03-17] Performance tweak
[2025-03-17] Bug fix
[2025-03-17] Documentation
[2025-03-18] Update README
[2025-03-18] Cleanup
[2025-03-18] Refactor
[2025-03-18] Refactor
[2025-03-18] Update README
[2025-03-18] Code improvement
[2025-03-18] Minor fixes
[2025-03-18] Cleanup
[2025-03-18] Cleanup
[2025-03-18] Code improvement
[2025-03-19] Refactor
[2025-03-19] Minor fixes
[2025-03-19] Update README
[2025-03-19] Performance tweak
[2025-03-19] Documentation
[2025-03-19] Documentation
[2025-03-19] Daily progress
[2025-03-19] Performance tweak
[2025-03-20] Cleanup
[2025-03-20] Cleanup
[2025-03-20] Add feature
[2025-03-20] Minor fixes
[2025-03-20] Daily progress
[2025-03-20] Add feature
[2025-03-20] Documentation
[2025-03-20] Code improvement
[2025-03-21] Cleanup
[2025-03-21] Code improvement
[2025-03-21] Add feature
[2025-03-21] Update README
[2025-03-22] Documentation
[2025-03-22] Minor fixes
[2025-03-22] Documentation
[2025-03-23] Code improvement
[2025-03-23] Add feature
[2025-03-23] Code improvement
[2025-03-23] Update README
[2025-03-23] Add feature
[2025-03-23] Cleanup
[2025-03-23] Refactor
[2025-03-24] Minor fixes
[2025-03-24] Documentation
[2025-03-24] Minor fixes
[2025-03-24] Refactor
[2025-03-24] Documentation
[2025-03-24] Documentation
[2025-03-24] Code improvement
[2025-03-24] Code improvement
[2025-03-24] Documentation
[2025-03-24] Add feature
[2025-03-24] Performance tweak
[2025-03-24] Minor fixes
[2025-03-24] Code improvement
[2025-03-24] Refactor
[2025-03-24] Daily progress
[2025-03-24] Add feature
[2025-03-24] Add feature
[2025-03-24] Daily progress
[2025-03-24] Refactor
[2025-03-25] Add feature
[2025-03-25] Update README
[2025-03-25] Cleanup
[2025-03-25] Daily progress
[2025-03-25] Code improvement
[2025-03-25] Update README
[2025-03-25] Documentation
[2025-03-25] Cleanup
[2025-03-25] Performance tweak
[2025-03-26] Bug fix
[2025-03-26] Daily progress
[2025-03-26] Performance tweak
[2025-03-28] Update README
[2025-03-28] Daily progress
[2025-03-28] Bug fix
[2025-03-28] Bug fix
[2025-03-28] Minor fixes
[2025-03-28] Daily progress
[2025-03-28] Cleanup
[2025-03-28] Bug fix
[2025-03-28] Cleanup
[2025-03-28] Cleanup
[2025-03-28] Minor fixes
[2025-03-28] Code improvement
[2025-03-28] Code improvement
[2025-03-28] Refactor
[2025-03-28] Daily progress
[2025-03-31] Update README
[2025-03-31] Refactor
[2025-03-31] Documentation
[2025-03-31] Daily progress
[2025-04-02] Documentation
[2025-04-02] Bug fix
[2025-04-02] Minor fixes
[2025-04-02] Refactor
[2025-04-03] Refactor
[2025-04-03] Add feature
[2025-04-03] Documentation
[2025-04-03] Performance tweak
[2025-04-03] Refactor
[2025-04-03] Add feature
[2025-04-03] Documentation
[2025-04-03] Performance tweak
[2025-04-04] Daily progress
[2025-04-04] Daily progress
[2025-04-04] Code improvement
[2025-04-04] Refactor
[2025-04-04] Cleanup
[2025-04-04] Minor fixes
[2025-04-04] Minor fixes
[2025-04-04] Documentation
[2025-04-04] Minor fixes
[2025-04-04] Cleanup
[2025-04-04] Refactor
[2025-04-04] Daily progress
[2025-04-04] Documentation
[2025-04-04] Documentation
[2025-04-04] Minor fixes
[2025-04-04] Bug fix
[2025-04-05] Code improvement
[2025-04-05] Update README
[2025-04-05] Cleanup
[2025-04-05] Performance tweak
[2025-04-07] Daily progress
[2025-04-07] Bug fix
[2025-04-07] Daily progress
[2025-04-07] Update README
[2025-04-07] Bug fix
[2025-04-07] Performance tweak
[2025-04-07] Documentation
[2025-04-07] Documentation
[2025-04-07] Refactor
[2025-04-07] Cleanup
[2025-04-07] Update README
[2025-04-09] Refactor
[2025-04-09] Documentation
[2025-04-09] Bug fix
[2025-04-09] Minor fixes
[2025-04-09] Cleanup
[2025-04-09] Add feature
[2025-04-09] Cleanup
[2025-04-09] Minor fixes
[2025-04-09] Documentation
[2025-04-09] Daily progress
[2025-04-10] Refactor
[2025-04-10] Add feature
[2025-04-10] Performance tweak
[2025-04-10] Add feature
[2025-04-10] Add feature
[2025-04-10] Code improvement
[2025-04-10] Performance tweak
[2025-04-10] Code improvement
[2025-04-10] Minor fixes
[2025-04-10] Add feature
[2025-04-10] Documentation
[2025-04-10] Performance tweak
[2025-04-10] Refactor
[2025-04-10] Cleanup
[2025-04-11] Code improvement
[2025-04-13] Minor fixes
[2025-04-13] Cleanup
[2025-04-13] Code improvement
[2025-04-13] Bug fix
[2025-04-13] Documentation
[2025-04-13] Add feature
[2025-04-13] Minor fixes
[2025-04-13] Refactor
[2025-04-14] Minor fixes
[2025-04-14] Refactor
[2025-04-14] Add feature
[2025-04-14] Bug fix
[2025-04-14] Documentation
[2025-04-15] Code improvement
[2025-04-15] Daily progress
[2025-04-15] Refactor
[2025-04-15] Cleanup
[2025-04-15] Minor fixes
[2025-04-15] Code improvement
[2025-04-16] Bug fix
[2025-04-16] Performance tweak
[2025-04-17] Bug fix
[2025-04-17] Performance tweak
[2025-04-17] Bug fix
[2025-04-17] Documentation
[2025-04-17] Performance tweak
[2025-04-17] Documentation
[2025-04-17] Bug fix
[2025-04-17] Daily progress
[2025-04-17] Add feature
[2025-04-17] Performance tweak
[2025-04-18] Add feature
[2025-04-18] Cleanup
[2025-04-18] Code improvement
[2025-04-18] Performance tweak
[2025-04-18] Update README
[2025-04-18] Update README
[2025-04-18] Bug fix
[2025-04-18] Refactor
[2025-04-18] Update README
[2025-04-18] Refactor
[2025-04-18] Documentation
[2025-04-19] Refactor
[2025-04-19] Add feature
[2025-04-19] Bug fix
[2025-04-19] Refactor
[2025-04-19] Performance tweak
[2025-04-20] Add feature
[2025-04-20] Daily progress
[2025-04-20] Daily progress
[2025-04-20] Refactor
[2025-04-21] Code improvement
[2025-04-21] Performance tweak
[2025-04-21] Minor fixes
[2025-04-21] Cleanup
[2025-04-21] Bug fix
[2025-04-21] Daily progress
[2025-04-21] Code improvement
[2025-04-21] Code improvement
[2025-04-21] Code improvement
[2025-04-21] Update README
[2025-04-21] Code improvement
[2025-04-21] Cleanup
[2025-04-22] Performance tweak
[2025-04-22] Documentation
[2025-04-22] Minor fixes
[2025-04-22] Refactor
[2025-04-23] Cleanup
[2025-04-23] Bug fix
[2025-04-23] Add feature
[2025-04-24] Code improvement
[2025-04-24] Add feature
[2025-04-24] Performance tweak
[2025-04-24] Add feature
[2025-04-24] Bug fix
[2025-04-24] Minor fixes
[2025-04-24] Update README
[2025-04-25] Cleanup
[2025-04-25] Daily progress
[2025-04-25] Add feature
[2025-04-25] Update README
[2025-04-25] Code improvement
[2025-04-25] Bug fix
[2025-04-25] Refactor
[2025-04-25] Refactor
[2025-04-25] Code improvement
[2025-04-25] Add feature
[2025-04-29] Code improvement
[2025-04-29] Update README
[2025-04-29] Documentation
[2025-04-29] Code improvement
[2025-04-29] Code improvement
[2025-04-29] Code improvement
[2025-04-29] Update README
[2025-04-29] Daily progress
[2025-04-29] Code improvement
[2025-04-29] Minor fixes
[2025-04-30] Daily progress
[2025-04-30] Add feature
[2025-04-30] Bug fix
[2025-04-30] Documentation
[2025-04-30] Performance tweak
[2025-04-30] Daily progress
[2025-04-30] Bug fix
[2025-04-30] Refactor
[2025-05-01] Minor fixes
[2025-05-01] Add feature
[2025-05-02] Performance tweak
[2025-05-04] Refactor
[2025-05-04] Add feature
[2025-05-05] Performance tweak
[2025-05-05] Daily progress
[2025-05-05] Cleanup
[2025-05-05] Documentation
[2025-05-05] Bug fix
[2025-05-05] Performance tweak
[2025-05-05] Performance tweak
[2025-05-05] Performance tweak
[2025-05-05] Performance tweak
[2025-05-05] Code improvement
[2025-05-06] Documentation
[2025-05-06] Bug fix
[2025-05-06] Bug fix
[2025-05-06] Add feature
[2025-05-06] Minor fixes
[2025-05-06] Minor fixes
[2025-05-06] Bug fix
[2025-05-06] Add feature
[2025-05-07] Documentation
[2025-05-07] Daily progress
[2025-05-07] Bug fix
[2025-05-07] Update README
[2025-05-07] Add feature
[2025-05-07] Update README
[2025-05-07] Code improvement
[2025-05-07] Code improvement
[2025-05-07] Documentation
[2025-05-07] Refactor
[2025-05-08] Bug fix
[2025-05-08] Minor fixes
[2025-05-08] Performance tweak
[2025-05-08] Daily progress
[2025-05-08] Daily progress
[2025-05-09] Code improvement
[2025-05-09] Bug fix
[2025-05-10] Performance tweak
[2025-05-10] Daily progress
[2025-05-12] Add feature
[2025-05-12] Refactor
[2025-05-12] Update README
[2025-05-12] Daily progress
[2025-05-12] Minor fixes
[2025-05-12] Cleanup
[2025-05-12] Performance tweak
[2025-05-12] Bug fix
[2025-05-12] Documentation
[2025-05-12] Code improvement
[2025-05-12] Bug fix
[2025-05-13] Documentation
[2025-05-13] Code improvement
[2025-05-13] Bug fix
[2025-05-13] Minor fixes
[2025-05-14] Bug fix
[2025-05-14] Daily progress
[2025-05-16] Cleanup
[2025-05-16] Bug fix
[2025-05-16] Cleanup
[2025-05-16] Add feature
[2025-05-16] Code improvement
[2025-05-16] Add feature
[2025-05-16] Code improvement
[2025-05-16] Add feature
[2025-05-16] Performance tweak
[2025-05-16] Minor fixes
[2025-05-17] Bug fix
[2025-05-19] Refactor
[2025-05-19] Refactor
[2025-05-19] Code improvement
[2025-05-20] Refactor
[2025-05-20] Code improvement
[2025-05-20] Cleanup
[2025-05-20] Refactor
[2025-05-20] Refactor
[2025-05-20] Daily progress
[2025-05-20] Daily progress
[2025-05-20] Daily progress
[2025-05-21] Refactor
[2025-05-21] Documentation
[2025-05-21] Minor fixes
[2025-05-21] Update README
[2025-05-21] Code improvement
[2025-05-21] Documentation
[2025-05-22] Daily progress
[2025-05-22] Cleanup
[2025-05-22] Documentation
[2025-05-22] Code improvement
[2025-05-22] Cleanup
[2025-05-22] Cleanup
[2025-05-23] Update README
[2025-05-23] Daily progress
[2025-05-23] Refactor
[2026-01-19] Add feature
[2026-01-20] Bug fix
[2026-01-20] Update README
[2026-01-20] Refactor
[2026-01-20] Minor fixes
[2026-01-20] Minor fixes
[2026-01-21] Cleanup
[2026-01-21] Add feature
[2026-01-21] Minor fixes
[2026-01-21] Code improvement
[2026-01-21] Daily progress
[2026-01-21] Code improvement
[2026-01-21] Minor fixes
[2026-01-21] Add feature
[2026-01-21] Code improvement
[2026-01-21] Minor fixes
[2026-01-21] Minor fixes
[2026-01-21] Bug fix
[2026-01-21] Refactor
[2026-01-21] Cleanup
[2026-01-22] Performance tweak
[2026-01-22] Bug fix
[2026-01-23] Add feature
[2026-01-23] Refactor
[2026-01-23] Update README
[2026-01-23] Bug fix
[2026-01-23] Update README
[2026-01-23] Minor fixes
[2026-01-23] Minor fixes
[2026-01-23] Add feature
[2026-01-24] Daily progress
[2026-01-24] Performance tweak
[2026-01-26] Update README
[2026-01-26] Bug fix
[2026-01-26] Documentation
[2026-01-26] Code improvement
[2026-01-27] Bug fix
[2026-01-27] Cleanup
[2026-01-27] Code improvement
[2026-01-27] Bug fix
[2026-01-27] Bug fix
[2026-01-27] Cleanup
[2026-01-28] Code improvement
[2026-01-28] Refactor
[2026-01-28] Daily progress
[2026-01-28] Bug fix
[2026-01-29] Code improvement
[2026-01-29] Refactor
[2026-01-29] Add feature
[2026-01-30] Bug fix
[2026-01-30] Documentation
[2026-01-30] Update README
[2026-01-30] Add feature
[2026-01-30] Minor fixes
[2026-01-30] Cleanup
[2026-01-30] Bug fix
[2026-01-30] Update README
[2026-01-31] Update README
[2026-01-31] Bug fix
[2026-02-02] Performance tweak
[2026-02-02] Daily progress
[2026-02-02] Add feature
[2026-02-02] Performance tweak
[2026-02-04] Performance tweak
[2026-02-04] Bug fix
[2026-02-04] Bug fix
[2026-02-04] Code improvement
[2026-02-04] Daily progress
[2026-02-04] Documentation
[2026-02-04] Performance tweak
[2026-02-04] Cleanup
[2026-02-05] Documentation
[2026-02-05] Code improvement
[2026-02-05] Performance tweak
[2026-02-05] Add feature
[2026-02-05] Bug fix
[2026-02-05] Bug fix
[2026-02-05] Daily progress
[2026-02-05] Minor fixes
[2026-02-05] Performance tweak
[2026-02-06] Minor fixes
[2026-02-07] Code improvement
[2026-02-07] Performance tweak
[2026-02-07] Minor fixes
[2026-02-07] Documentation
[2026-02-07] Minor fixes
[2026-02-08] Minor fixes
[2026-02-08] Minor fixes
[2026-02-08] Bug fix
[2026-02-08] Code improvement
[2026-02-08] Daily progress
[2026-02-08] Daily progress
[2026-02-08] Code improvement
[2026-02-08] Cleanup
[2026-02-08] Documentation
[2026-02-09] Minor fixes
[2026-02-09] Code improvement
[2026-02-09] Update README
[2026-02-09] Bug fix
[2026-02-09] Refactor
[2026-02-09] Cleanup
[2026-02-10] Minor fixes
[2026-02-10] Update README
[2026-02-10] Daily progress
[2026-02-10] Performance tweak
[2026-02-10] Documentation
[2026-02-10] Documentation
[2026-02-10] Minor fixes
[2026-02-10] Documentation
[2026-02-10] Code improvement
[2026-02-10] Refactor
[2026-02-10] Refactor
[2026-02-10] Daily progress
[2026-02-10] Add feature
[2026-02-11] Code improvement
[2026-02-11] Refactor
[2026-02-11] Documentation
[2026-02-11] Daily progress
[2026-02-11] Bug fix
[2026-02-11] Performance tweak
[2026-02-12] Update README
[2026-02-12] Daily progress
[2026-02-12] Performance tweak
[2026-02-12] Update README
[2026-02-14] Update README
[2026-02-15] Code improvement
[2026-02-15] Code improvement
[2026-02-15] Code improvement
[2026-02-15] Daily progress
[2026-02-16] Minor fixes
[2026-02-16] Code improvement
[2026-02-16] Refactor
[2026-02-16] Minor fixes
[2026-02-16] Refactor
[2026-02-16] Refactor
[2026-02-16] Update README
[2026-02-16] Cleanup
[2026-02-16] Daily progress
[2026-02-16] Minor fixes
[2026-02-16] Performance tweak
[2026-02-17] Minor fixes
[2026-02-17] Code improvement
[2026-02-17] Performance tweak
[2026-02-17] Daily progress
[2026-02-17] Cleanup
[2026-02-17] Bug fix
[2026-02-17] Add feature
[2026-02-17] Daily progress
[2026-02-17] Daily progress
[2026-02-17] Bug fix
[2026-02-17] Add feature
[2026-02-17] Cleanup
[2026-02-17] Refactor
[2026-02-17] Minor fixes
[2026-02-17] Bug fix
[2026-02-17] Cleanup
[2026-02-17] Minor fixes
[2026-02-17] Code improvement
[2026-02-17] Code improvement
[2026-02-18] Update README
[2026-02-18] Add feature
[2026-02-18] Refactor
[2026-02-18] Bug fix
[2026-02-19] Add feature
[2026-02-19] Refactor
[2026-02-19] Add feature
[2026-02-19] Update README
[2026-02-19] Refactor
[2026-02-19] Documentation
[2026-02-19] Performance tweak
[2026-02-19] Refactor
[2026-02-19] Add feature
[2026-02-19] Update README
[2026-02-19] Bug fix
[2026-02-19] Minor fixes
[2026-02-19] Bug fix
[2026-02-19] Update README
[2026-02-19] Cleanup
[2026-02-19] Update README
[2026-02-20] Code improvement
[2026-02-20] Bug fix
[2026-02-21] Refactor
[2026-02-21] Bug fix
[2026-02-21] Documentation
[2026-02-21] Documentation
[2026-02-21] Documentation
[2026-02-21] Minor fixes
[2026-02-21] Update README
[2026-02-22] Code improvement
[2026-02-22] Refactor
[2026-02-22] Code improvement
[2026-02-23] Daily progress
[2026-02-23] Performance tweak
[2026-02-23] Add feature
[2026-02-23] Update README
[2026-02-23] Code improvement
[2026-02-23] Minor fixes
[2026-02-23] Update README
[2026-02-23] Minor fixes
[2026-02-23] Refactor
[2026-02-23] Code improvement
[2026-02-23] Update README
[2026-02-23] Documentation
[2026-02-23] Update README
[2026-02-23] Add feature
[2026-02-23] Add feature
[2026-02-23] Code improvement
[2026-02-24] Bug fix
[2026-02-24] Refactor
[2026-02-24] Minor fixes
[2026-02-24] Bug fix
[2026-02-24] Minor fixes
[2026-02-24] Cleanup
[2026-02-24] Minor fixes
[2026-02-25] Add feature
[2026-02-25] Add feature
[2026-02-25] Performance tweak
[2026-02-25] Minor fixes
[2026-02-25] Refactor
[2026-02-25] Add feature
[2026-02-25] Update README
[2026-02-26] Bug fix
[2026-02-26] Code improvement
[2026-02-26] Update README
[2026-02-26] Daily progress
[2026-02-26] Documentation
[2026-02-26] Daily progress
[2026-02-26] Cleanup
[2026-02-26] Minor fixes
[2026-02-26] Daily progress
[2026-02-26] Bug fix
[2026-02-26] Add feature
[2026-02-26] Refactor
[2026-02-27] Code improvement
[2026-02-27] Daily progress
[2026-02-28] Update README
[2026-03-01] Cleanup
[2026-03-01] Update README
[2026-03-01] Add feature
[2026-03-01] Code improvement
[2026-03-01] Performance tweak
[2026-03-01] Documentation
[2026-03-02] Code improvement
[2026-03-02] Update README
[2026-03-02] Code improvement
[2026-03-02] Daily progress
[2026-03-02] Daily progress
[2026-03-02] Cleanup
[2026-03-02] Minor fixes
[2026-03-02] Code improvement
[2026-03-03] Code improvement
[2026-03-04] Cleanup
[2026-03-04] Code improvement
[2026-03-04] Add feature
[2026-03-05] Performance tweak
[2026-03-05] Bug fix
[2026-03-05] Performance tweak
[2026-03-05] Documentation
[2026-03-05] Minor fixes
[2026-03-05] Refactor
[2026-03-05] Update README
[2026-03-05] Cleanup
[2026-03-05] Documentation
[2026-03-08] Refactor
[2026-03-09] Daily progress
[2026-03-09] Bug fix
[2026-03-10] Minor fixes
[2026-03-11] Cleanup
[2026-03-11] Update README
[2026-03-11] Minor fixes
[2026-03-11] Bug fix
[2026-03-12] Minor fixes
[2026-03-12] Update README
[2026-03-12] Daily progress
[2026-03-13] Add feature
[2026-03-13] Daily progress
[2026-03-13] Performance tweak
[2026-03-13] Minor fixes
[2026-03-13] Bug fix
[2026-03-13] Performance tweak
[2026-03-13] Add feature
[2026-03-13] Refactor
[2026-03-13] Update README
[2026-03-13] Minor fixes
[2026-03-14] Minor fixes
[2026-03-14] Cleanup
[2026-03-16] Minor fixes
[2026-03-16] Daily progress
[2026-03-16] Daily progress
[2026-03-16] Minor fixes
[2026-03-16] Bug fix
[2026-03-16] Daily progress
[2026-03-16] Add feature
[2026-03-16] Bug fix
[2026-03-16] Minor fixes
[2026-03-16] Minor fixes
[2026-03-16] Refactor
[2026-03-16] Cleanup
[2026-03-16] Performance tweak
[2026-03-16] Code improvement
[2026-03-16] Documentation
[2026-03-16] Bug fix
[2026-03-16] Add feature
[2026-03-16] Update README
[2026-03-17] Code improvement
[2026-03-17] Update README
[2026-03-18] Cleanup
[2026-03-18] Refactor
[2026-03-18] Update README
[2026-03-19] Update README
[2026-03-19] Daily progress
[2026-03-19] Documentation
[2026-03-19] Refactor
[2026-03-20] Cleanup
[2026-03-20] Update README
[2026-03-20] Code improvement
[2026-03-20] Minor fixes
[2026-03-20] Documentation
[2026-03-22] Add feature
[2026-03-22] Update README
[2026-03-23] Bug fix
[2026-03-23] Bug fix
[2026-03-23] Daily progress
[2026-03-23] Refactor
[2026-03-24] Add feature
[2026-03-24] Code improvement
[2026-03-24] Documentation
[2026-03-24] Daily progress
[2026-03-25] Update README
[2026-03-25] Refactor
[2026-03-25] Code improvement
[2026-03-25] Update README
[2026-03-25] Update README
[2026-03-25] Daily progress
[2026-03-25] Update README
[2026-03-25] Cleanup
[2026-03-25] Add feature
[2026-03-25] Bug fix
[2026-03-25] Refactor
[2026-03-25] Bug fix
[2026-03-25] Documentation
[2026-03-25] Daily progress
[2026-03-25] Refactor
[2026-03-25] Update README
[2026-03-25] Performance tweak
[2026-03-26] Refactor
[2026-03-26] Minor fixes
[2026-03-26] Cleanup
[2026-03-26] Performance tweak
[2026-03-26] Add feature
[2026-03-26] Bug fix
[2026-03-26] Minor fixes
[2026-03-26] Add feature
[2026-03-27] Bug fix
[2026-03-28] Add feature
[2026-03-28] Performance tweak
[2026-03-28] Performance tweak
[2026-03-30] Minor fixes
[2026-03-30] Daily progress
[2026-03-30] Performance tweak
[2026-03-30] Cleanup
[2026-03-30] Minor fixes
[2026-03-30] Update README
[2026-03-30] Add feature
[2026-03-30] Cleanup
[2026-03-30] Performance tweak
[2026-03-30] Refactor
[2026-03-30] Refactor
[2026-03-30] Update README
[2026-03-30] Update README
[2026-03-30] Cleanup
[2026-03-31] Refactor
[2026-03-31] Update README
[2026-03-31] Documentation
[2026-03-31] Add feature
[2026-03-31] Cleanup
[2026-03-31] Add feature
[2026-03-31] Minor fixes
[2026-03-31] Minor fixes
[2026-03-31] Minor fixes
[2026-03-31] Update README
[2026-03-31] Cleanup
[2026-03-31] Documentation
[2026-03-31] Bug fix
[2026-03-31] Cleanup
[2026-04-02] Cleanup
[2026-04-02] Performance tweak
[2026-04-02] Performance tweak
[2026-04-02] Performance tweak
[2026-04-02] Refactor
[2026-04-02] Add feature
[2026-04-02] Documentation
[2026-04-02] Documentation
[2026-04-02] Performance tweak
[2026-04-02] Bug fix
[2026-04-03] Bug fix
[2026-04-03] Refactor
[2026-04-03] Bug fix
[2026-04-03] Documentation
[2026-04-03] Documentation
[2026-04-03] Documentation
[2026-04-03] Documentation
[2026-04-03] Daily progress
[2026-04-05] Daily progress
[2026-04-05] Cleanup
[2026-04-06] Add feature
[2026-04-06] Refactor
[2026-04-06] Update README
[2026-04-06] Update README
[2026-04-06] Cleanup
[2026-04-06] Update README
[2026-04-06] Update README
[2026-04-06] Daily progress
[2026-04-07] Minor fixes
[2026-04-07] Minor fixes
[2026-04-07] Daily progress
[2026-04-07] Bug fix
[2026-04-07] Performance tweak
[2026-04-07] Refactor
[2026-04-07] Code improvement
[2026-04-07] Cleanup
[2026-04-08] Cleanup
[2026-04-08] Minor fixes
[2026-04-08] Add feature
[2026-04-08] Code improvement
[2026-04-08] Minor fixes
[2026-04-08] Add feature
[2026-04-08] Update README
[2026-04-08] Minor fixes
[2026-04-08] Performance tweak
[2026-04-09] Documentation
[2026-04-09] Update README
[2026-04-09] Minor fixes
[2026-04-09] Update README
[2026-04-09] Code improvement
[2026-04-09] Daily progress
[2026-04-09] Documentation
[2026-04-10] Add feature
[2026-04-10] Bug fix
[2026-04-10] Code improvement
[2026-04-10] Add feature
[2026-04-10] Add feature
[2026-04-10] Code improvement
[2026-04-10] Cleanup
[2026-04-10] Cleanup
[2026-04-13] Cleanup
[2026-04-13] Refactor
[2026-04-13] Performance tweak
[2026-04-13] Code improvement
[2026-04-13] Documentation
[2026-04-13] Code improvement
[2026-04-13] Minor fixes
[2026-04-13] Add feature
[2026-04-14] Documentation
[2026-04-14] Add feature
[2026-04-14] Update README
[2026-04-14] Update README
[2026-04-14] Documentation
[2026-04-15] Code improvement
[2026-04-15] Bug fix
[2026-04-15] Performance tweak
[2026-04-15] Bug fix
[2026-04-15] Code improvement
[2026-04-15] Bug fix
[2026-04-15] Bug fix
[2026-04-15] Code improvement
[2026-04-15] Refactor
[2026-04-15] Bug fix
[2026-04-15] Daily progress
[2026-04-15] Code improvement
[2026-04-15] Documentation
[2026-04-15] Bug fix
[2026-04-15] Performance tweak
[2026-04-15] Daily progress
[2026-04-15] Cleanup
[2026-04-15] Daily progress
[2026-04-16] Add feature
[2026-04-16] Cleanup
[2026-04-16] Daily progress
[2026-04-16] Minor fixes
[2026-04-16] Bug fix
[2026-04-16] Minor fixes
[2026-04-16] Documentation
[2026-04-16] Daily progress
[2026-04-16] Documentation
[2026-04-16] Cleanup
[2026-04-16] Refactor
[2026-04-16] Performance tweak
[2026-04-16] Bug fix
[2026-04-16] Update README
[2026-04-16] Add feature
[2026-04-16] Update README
[2026-04-17] Bug fix
[2026-04-17] Update README
[2026-04-17] Daily progress
[2026-04-17] Update README
[2026-04-17] Minor fixes
[2026-04-17] Add feature
[2026-04-17] Documentation
[2026-04-17] Update README
[2026-04-17] Daily progress
[2026-04-17] Refactor
[2026-04-17] Update README
[2026-04-17] Code improvement
[2026-04-17] Documentation
[2026-04-17] Cleanup
[2026-04-18] Cleanup
[2026-04-18] Add feature
[2026-04-18] Performance tweak
[2026-04-20] Update README
[2026-04-20] Code improvement
[2026-04-22] Update README
[2026-04-22] Documentation
[2026-04-22] Update README
[2026-04-22] Documentation
[2026-04-23] Documentation
[2026-04-23] Bug fix
[2026-04-23] Cleanup
[2026-04-23] Refactor
[2026-04-23] Minor fixes
[2026-04-23] Documentation
[2026-04-23] Daily progress
[2026-04-23] Update README
[2026-04-24] Refactor
[2026-04-24] Update README
[2026-04-24] Cleanup
[2026-04-24] Bug fix
[2026-04-26] Daily progress
[2026-04-26] Add feature
[2026-04-26] Bug fix
[2026-04-26] Bug fix
[2026-04-26] Daily progress
[2026-04-27] Minor fixes
[2026-04-27] Cleanup
[2026-04-28] Bug fix
[2026-04-28] Minor fixes
[2026-04-28] Minor fixes
[2026-04-28] Cleanup
[2026-04-28] Daily progress
[2026-04-28] Minor fixes
[2026-04-28] Add feature
[2026-04-28] Performance tweak
[2026-04-29] Daily progress
[2026-04-29] Performance tweak
[2026-04-29] Bug fix
[2026-04-29] Cleanup
[2026-04-29] Documentation
[2026-04-29] Performance tweak
[2026-04-29] Cleanup
[2026-04-29] Documentation
[2026-04-30] Add feature
[2026-04-30] Performance tweak
[2026-04-30] Bug fix
[2026-04-30] Minor fixes
[2026-04-30] Minor fixes
[2026-04-30] Add feature
[2026-04-30] Performance tweak
[2026-05-02] Performance tweak
[2026-05-02] Documentation
[2026-05-02] Code improvement
[2026-05-02] Minor fixes
[2026-05-03] Cleanup
[2026-05-03] Update README
[2026-05-05] Code improvement
[2026-05-06] Add feature
[2026-05-06] Documentation
[2026-05-06] Add feature
[2026-05-06] Performance tweak
[2026-05-06] Cleanup
[2026-05-06] Minor fixes
[2026-05-06] Add feature
[2026-05-06] Code improvement
[2026-05-06] Documentation
[2026-05-06] Performance tweak
[2026-05-06] Performance tweak
[2026-05-06] Minor fixes
[2026-05-06] Update README
[2026-05-06] Code improvement
[2026-05-06] Update README
[2026-05-06] Performance tweak
[2026-05-06] Code improvement
[2026-05-07] Daily progress
[2026-05-07] Bug fix
[2026-05-07] Code improvement
[2026-05-07] Cleanup
[2026-05-07] Documentation
[2026-05-07] Code improvement
[2026-05-08] Add feature
[2026-05-09] Add feature
[2026-05-09] Documentation
[2026-05-10] Performance tweak
[2026-05-10] Code improvement
[2026-05-10] Minor fixes
[2026-05-11] Cleanup
[2026-05-11] Daily progress
[2026-05-11] Code improvement
[2026-05-11] Performance tweak
[2026-05-11] Code improvement
[2026-05-11] Cleanup
[2026-05-11] Daily progress
[2026-05-11] Add feature
[2026-05-11] Documentation
[2026-05-11] Minor fixes
[2026-05-12] Bug fix
[2026-05-12] Minor fixes
[2026-05-12] Documentation
[2026-05-12] Update README
[2026-05-12] Documentation
[2026-05-12] Documentation
[2026-05-12] Daily progress
[2026-05-12] Daily progress
[2026-05-12] Bug fix
[2026-05-13] Cleanup
[2026-05-13] Documentation
[2026-05-13] Documentation
[2026-05-13] Code improvement
[2026-05-14] Cleanup
[2026-05-14] Documentation
[2026-05-14] Minor fixes
[2026-05-14] Refactor
[2026-05-14] Cleanup
[2026-05-14] Performance tweak
[2026-05-14] Daily progress
[2026-05-14] Update README
[2026-05-14] Performance tweak
[2026-05-14] Code improvement
[2026-05-15] Refactor
[2026-05-17] Cleanup
[2026-05-17] Daily progress
[2026-05-17] Code improvement
[2026-05-17] Daily progress
[2026-05-17] Code improvement
[2026-05-17] Cleanup
[2026-05-17] Refactor
[2026-05-17] Minor fixes
[2026-05-17] Bug fix
[2026-05-18] Add feature
[2026-05-18] Cleanup
[2026-05-18] Daily progress
[2026-05-18] Minor fixes
[2026-05-18] Performance tweak
[2026-05-18] Performance tweak
[2026-05-18] Update README
[2026-05-18] Daily progress
[2026-05-18] Refactor
[2026-05-19] Minor fixes
[2026-05-19] Add feature
[2026-05-19] Documentation
[2026-05-19] Performance tweak
[2026-05-19] Update README
[2026-05-19] Documentation
[2026-05-19] Add feature
[2026-05-19] Daily progress
[2026-05-20] Daily progress
[2026-05-20] Daily progress
[2026-05-20] Documentation
[2026-05-20] Daily progress
[2026-05-20] Daily progress
[2026-05-20] Bug fix
[2026-05-20] Update README
[2026-05-20] Add feature
[2026-05-20] Add feature
[2026-05-20] Update README
[2026-05-20] Code improvement
[2026-05-20] Add feature
[2026-05-22] Daily progress
[2026-05-22] Add feature
[2026-05-22] Bug fix
[2026-05-22] Update README
[2026-05-22] Performance tweak
[2026-05-22] Cleanup
[2026-05-22] Cleanup
[2026-05-22] Add feature
[2026-05-22] Code improvement
[2026-05-22] Minor fixes
[2026-05-22] Cleanup
[2026-05-25] Cleanup
[2026-05-25] Documentation
[2026-05-25] Daily progress
[2026-05-26] Documentation
[2026-05-26] Cleanup
[2026-05-26] Update README
[2026-05-26] Performance tweak
[2026-05-26] Performance tweak
[2026-05-27] Cleanup
[2026-05-27] Update README
[2026-05-28] Cleanup
[2026-05-28] Bug fix
[2026-05-28] Documentation
[2026-05-28] Documentation
[2026-05-28] Code improvement
[2026-05-28] Minor fixes
[2026-05-28] Code improvement
[2026-05-29] Documentation
[2026-05-29] Update README
[2026-05-29] Performance tweak
[2026-05-29] Performance tweak
[2026-06-02] Code improvement
[2026-06-03] Code improvement
[2026-06-03] Minor fixes
[2026-06-03] Cleanup
[2026-06-03] Update README
[2026-06-03] Daily progress
[2026-06-03] Bug fix
[2026-06-03] Cleanup
[2026-06-03] Cleanup
[2026-06-03] Minor fixes
[2026-06-03] Add feature
[2026-06-03] Cleanup
[2026-06-03] Cleanup
[2026-06-03] Daily progress
[2026-06-03] Performance tweak
[2026-06-03] Add feature
[2026-06-03] Code improvement
[2026-06-04] Documentation
[2026-06-05] Bug fix
[2026-06-05] Refactor
[2026-06-05] Bug fix
[2026-06-05] Bug fix
[2026-06-06] Add feature
[2026-06-06] Add feature
[2026-06-06] Minor fixes
[2026-06-06] Code improvement
[2026-06-07] Daily progress
[2026-06-07] Documentation
[2026-06-08] Daily progress
[2026-06-08] Performance tweak
[2026-06-08] Code improvement
[2026-06-08] Cleanup
[2026-06-08] Minor fixes
[2026-06-08] Code improvement
[2026-06-08] Minor fixes
[2026-06-08] Add feature
[2026-06-08] Bug fix
[2026-06-08] Code improvement
[2026-06-08] Cleanup
[2026-06-08] Code improvement
[2026-06-10] Minor fixes
[2026-06-10] Code improvement
[2026-06-10] Cleanup
[2026-06-10] Code improvement
[2026-06-11] Daily progress
[2026-06-11] Documentation
[2026-06-11] Refactor
[2026-06-11] Add feature
[2026-06-12] Daily progress
[2026-06-12] Code improvement
[2026-06-12] Performance tweak
[2026-06-12] Code improvement
[2026-06-12] Bug fix
[2026-06-12] Code improvement
[2026-06-12] Cleanup
[2026-06-12] Refactor
[2026-06-12] Update README
[2026-06-12] Daily progress
[2026-06-14] Cleanup
[2026-06-15] Daily progress
[2026-06-15] Minor fixes
[2026-06-15] Code improvement
[2026-06-15] Refactor
[2026-06-15] Code improvement
[2026-06-17] Code improvement
[2026-06-17] Bug fix
[2026-06-17] Documentation
[2026-06-18] Add feature
[2026-06-18] Add feature
[2026-06-18] Update README
[2026-06-18] Bug fix
[2026-06-18] Add feature
[2026-06-18] Performance tweak
[2026-06-18] Add feature
[2026-06-18] Code improvement
[2026-06-20] Update README
[2026-06-20] Minor fixes
[2026-06-20] Refactor
[2026-06-20] Refactor
[2026-06-20] Add feature
[2026-06-22] Cleanup
[2026-06-23] Add feature
[2026-06-23] Code improvement
[2026-06-23] Code improvement
[2026-06-23] Bug fix
[2026-06-23] Cleanup
[2026-06-23] Documentation
[2026-06-23] Daily progress
[2026-06-23] Cleanup
[2026-06-24] Performance tweak
[2026-06-26] Code improvement
[2026-06-26] Add feature
[2026-06-26] Documentation
[2026-06-26] Add feature
[2026-06-26] Code improvement
[2026-06-26] Code improvement
[2026-06-26] Documentation
[2026-06-26] Performance tweak
[2026-06-26] Performance tweak
[2026-06-26] Bug fix
[2026-06-26] Documentation
[2026-06-26] Minor fixes
[2026-06-27] Update README
[2026-06-28] Cleanup
[2026-06-30] Documentation
[2026-06-30] Bug fix
[2026-06-30] Cleanup
[2026-06-30] Minor fixes
[2026-06-30] Refactor
[2026-06-30] Performance tweak
[2026-06-30] Bug fix
[2026-06-30] Refactor
[2026-06-30] Add feature
[2026-06-30] Cleanup
[2026-06-30] Daily progress
[2026-06-30] Daily progress
[2026-06-30] Code improvement
[2026-07-01] Documentation
[2026-07-01] Performance tweak
[2026-07-01] Bug fix
[2026-07-01] Documentation
[2026-07-01] Performance tweak
[2026-07-01] Cleanup
[2026-07-02] Documentation
[2026-07-02] Update README
[2026-07-02] Minor fixes
[2026-07-02] Refactor
[2026-07-02] Documentation
[2026-07-02] Code improvement
[2026-07-02] Daily progress
[2026-07-02] Code improvement
[2026-07-02] Performance tweak
[2026-07-02] Refactor
[2026-07-02] Refactor
[2026-07-02] Bug fix
[2026-07-02] Code improvement
[2026-07-02] Refactor
[2026-07-03] Code improvement
[2026-07-03] Performance tweak
[2026-07-04] Daily progress
[2026-07-04] Cleanup
[2026-07-06] Documentation
[2026-07-06] Refactor
[2026-07-06] Documentation
[2026-07-06] Performance tweak
[2026-07-07] Add feature
[2026-07-07] Refactor
[2026-07-07] Performance tweak
[2026-07-07] Cleanup
[2026-07-09] Add feature
[2026-07-09] Code improvement
[2026-07-09] Documentation
[2026-07-09] Refactor
[2026-07-09] Update README
[2026-07-09] Bug fix
[2026-07-10] Add feature
[2026-07-10] Minor fixes
[2026-07-10] Daily progress
[2026-07-10] Documentation
[2026-07-10] Documentation
[2026-07-10] Daily progress
[2026-07-10] Daily progress
[2026-07-10] Code improvement
[2026-07-10] Performance tweak
[2026-07-10] Daily progress
[2026-07-10] Minor fixes
[2026-07-10] Code improvement
[2026-07-10] Performance tweak
[2026-07-11] Code improvement
[2026-07-11] Performance tweak
[2026-07-11] Update README
[2026-07-11] Daily progress
[2026-07-11] Documentation
[2026-07-11] Daily progress
[2026-07-13] Performance tweak
[2026-07-13] Documentation
[2026-07-13] Daily progress
[2026-07-13] Performance tweak
[2026-07-13] Code improvement
[2026-07-13] Documentation
[2026-07-13] Bug fix
[2026-07-13] Refactor
[2026-07-13] Code improvement
[2026-07-13] Documentation
[2026-07-14] Update README
[2026-07-15] Performance tweak
[2026-07-15] Code improvement
[2026-07-15] Refactor
[2026-07-15] Update README
[2026-07-15] Update README
[2026-07-15] Performance tweak
[2026-07-15] Bug fix
[2026-07-15] Add feature
[2026-07-15] Documentation
[2026-07-15] Update README
[2026-07-15] Add feature
[2026-07-15] Daily progress
[2026-07-15] Update README
[2026-07-15] Refactor
[2026-07-15] Performance tweak
[2026-07-15] Update README
[2026-07-15] Documentation
[2026-07-16] Refactor
[2026-07-17] Documentation
[2026-07-17] Minor fixes
[2026-07-17] Minor fixes
[2026-07-17] Documentation
[2026-07-17] Bug fix
[2026-07-17] Documentation
[2026-07-17] Minor fixes
[2026-07-18] Update README
[2026-07-18] Performance tweak
[2026-07-18] Minor fixes
[2026-07-18] Minor fixes
[2026-07-18] Bug fix
[2026-07-18] Update README
[2026-07-18] Bug fix
[2026-07-18] Minor fixes
[2026-07-19] Add feature
[2026-07-19] Refactor
[2026-07-19] Cleanup
[2026-07-19] Minor fixes
[2026-07-19] Bug fix
[2026-07-19] Cleanup
[2026-07-19] Bug fix
[2026-07-19] Add feature
[2026-07-20] Bug fix
[2026-07-20] Refactor
[2026-07-20] Cleanup
[2026-07-20] Performance tweak
[2026-07-21] Daily progress
[2026-07-21] Code improvement
[2026-07-21] Cleanup
[2026-07-21] Daily progress
[2026-07-21] Daily progress
[2026-07-21] Cleanup
[2026-07-21] Minor fixes
[2026-07-21] Code improvement
[2026-07-22] Update README
[2026-07-23] Performance tweak
[2026-07-24] Daily progress
[2026-07-24] Minor fixes
[2026-07-24] Cleanup
[2026-07-24] Cleanup
[2026-07-24] Add feature
[2026-07-24] Refactor
[2026-07-24] Add feature
[2026-07-24] Code improvement
[2026-07-24] Update README
[2026-07-24] Add feature
[2026-07-24] Performance tweak
[2026-07-27] Bug fix
[2026-07-27] Performance tweak
[2026-07-27] Cleanup
[2026-07-27] Code improvement
[2026-07-27] Code improvement
[2026-07-27] Minor fixes
[2026-07-27] Refactor
[2026-07-27] Bug fix
[2026-07-27] Update README
[2026-07-28] Bug fix
[2026-07-28] Documentation
[2026-07-28] Refactor
[2026-07-28] Documentation
[2026-07-28] Bug fix
progress
progress
progress
progress
progress
progress
progress
progress
progress
progress
progress
progress
progress
progress
progress
progress
progress
progress
progress
progress
progress
progress
progress
progress
progress
progress
progress
progress
progress
progress
progress
progress
progress
progress
progress
progress
progress
progress
progress
progress
progress
progress
progress
progress
progress
progress
progress
progress
progress
progress
progress
progress
progress
progress
progress
progress
progress
progress
progress
progress
progress
progress
progress
progress
progress
progress
progress
progress
progress
progress
progress
progress
progress
progress
progress
progress
progress
progress
progress
progress
progress
progress
progress
progress
progress
progress
progress
progress
progress
progress
progress
progress
progress
progress
progress
progress
progress
progress
progress
progress
progress
progress
progress
progress
progress
progress
progress
progress
progress
progress
progress
progress
progress
progress
progress
progress
progress
progress
progress
progress
progress
progress
progress
progress
progress
progress
progress
progress
progress
progress
progress
progress
progress
progress
progress
progress
progress
progress
progress
progress
progress
progress
progress
progress
progress
progress
progress
progress
progress
progress
progress
progress
progress
progress
progress
progress
progress
progress
progress
progress
progress
progress
progress
progress
progress
progress
progress
progress
progress
progress
progress
progress
progress
progress
progress
progress
progress
progress
progress
progress
progress
progress
progress
progress
progress
progress
progress
progress
progress
progress
progress
progress
progress
progress
progress
progress
progress
progress
progress
progress
progress
progress
progress
progress
progress
progress
progress
progress
progress
progress
progress
progress
progress
progress
progress
progress
progress
progress
progress
progress
progress
progress
progress
progress
progress
progress
progress
progress
progress
progress
progress
progress
progress
progress
progress
progress
progress
progress
progress
progress
progress
progress
progress
progress
progress
progress
progress
progress
progress
progress
progress
progress
progress
progress
progress
progress
progress
progress
progress
progress
progress
progress
progress
progress
progress
progress
progress
progress
progress
progress
progress
progress
progress
progress
progress
progress
progress
progress
progress
progress
progress
progress
progress
progress
progress
progress
progress
progress
progress
progress
progress
progress
progress
progress
progress
progress
progress
progress
progress
progress
progress
progress
progress
progress
progress
progress
progress
progress
progress
progress
progress
progress
progress
progress
progress
progress
progress
progress
progress
progress
progress
progress
progress
progress
progress
progress
progress
progress
progress
progress
progress
progress
progress
progress
progress
progress
progress
progress
progress
progress
progress
progress
progress
progress
progress
progress
progress
progress
progress
progress
progress
progress
progress
progress
progress
progress
progress
progress
progress
progress
progress
progress
progress
progress
progress
progress
progress
progress
progress
progress
progress
progress
progress
progress
progress
progress
progress
progress
progress
progress
progress
progress
progress
progress
progress
update
update
update
update
update
update
